Arguments: 
  C:\Program Files\nodejs\node.exe C:\Users\HP\AppData\Roaming\npm\node_modules\yarn\bin\yarn.js

PATH: 
  C:\Program Files\Git\mingw64\bin;C:\Program Files\Git\usr\bin;C:\Users\HP\bin;C:\Program Files\Common Files\Oracle\Java\javapath;C:\Program Files (x86)\Common Files\Oracle\Java\javapath;C:\Python38\Scripts;C:\Python38;C:\WINDOWS\system32;C:\WINDOWS;C:\WINDOWS\System32\Wbem;C:\WINDOWS\System32\WindowsPowerShell\v1.0;C:\Program Files\Git\cmd;C:\WINDOWS\System32\OpenSSH;C:\Program Files\nodejs;C:\ProgramData\chocolatey\bin;C:\Program Files\Java\jdk1.8.0_271\bin;C:\Program Files\Docker\Docker\resources\bin;C:\ProgramData\DockerDesktop\version-bin;C:\ProgramData\ComposerSetup\bin;C:\Users\HP\AppData\Local\Programs\Python\Python38-32\Scripts;C:\Users\HP\AppData\Local\Programs\Python\Python38-32;C:\Users\HP\AppData\Local\Microsoft\WindowsApps;C:\Users\HP\AppData\Local\Programs\Microsoft VS Code\bin;C:\Users\HP\AppData\Roaming\npm;C:\Program Files\heroku\bin;C:\Users\HP\AppData\Local\hyper\app-3.0.2\resources\bin;C:\xampp\php;C:\Users\HP\AppData\Roaming\Composer\vendor\bin

Yarn version: 
  1.22.10

Node version: 
  12.18.4

Platform: 
  win32 x64

Trace: 
  Error: getaddrinfo ENOTFOUND registry.yarnpkg.com
      at GetAddrInfoReqWrap.onlookup [as oncomplete] (dns.js:66:26)

npm manifest: 
  {
    "name": "react-project",
    "version": "1.0.0",
    "description": "A webpack formed SPA",
    "main": "index.js",
    "author": "Larry",
    "license": "MIT",
    "devDependencies": {
      "@babel/preset-env": "^7.13.12",
      "@babel/preset-react": "^7.12.13",
      "babel-loader": "^8.2.2",
      "clean-webpack-plugin": "^3.0.0",
      "css-loader": "^5.2.0",
      "file-loader": "^6.2.0",
      "html-webpack-plugin": "^5.3.1",
      "mini-css-extract-plugin": "^1.3.9",
      "raw-loader": "^4.0.2",
      "sass": "^1.32.8",
      "sass-loader": "^11.0.1",
      "webpack": "^5.28.0",
      "webpack-cli": "^4.5.0",
      "webpack-dev-server": "^3.11.2"
    },
    "dependencies": {
      "react": "^17.0.2",
      "react-dom": "^17.0.2"
    },
    "scripts": {
      "build": "webpack",
      "serve": "webpack serve --open"
    }
  }

yarn manifest: 
  No manifest

Lockfile: 
  No lockfile
